#-----------------------------------------------------------
# Vivado v2020.1 (64-bit)
# SW Build 2902540 on Wed May 27 19:54:49 MDT 2020
# IP Build 2902112 on Wed May 27 22:43:36 MDT 2020
# Start of session at: Tue Dec  1 15:03:47 2020
# Process ID: 6612
# Current directory: C:/Users/eastc/Desktop/CPE487/Cmod-A7-15T/Frogger/Frogger
# Command line: vivado.exe -gui_launcher_event rodinguilauncherevent5380 C:\Users\eastc\Desktop\CPE487\Cmod-A7-15T\Frogger\Frogger\Frogger.xpr
# Log file: C:/Users/eastc/Desktop/CPE487/Cmod-A7-15T/Frogger/Frogger/vivado.log
# Journal file: C:/Users/eastc/Desktop/CPE487/Cmod-A7-15T/Frogger/Frogger\vivado.jou
#-----------------------------------------------------------
start_gui
open_project C:/Users/eastc/Desktop/CPE487/Cmod-A7-15T/Frogger/Frogger/Frogger.xpr
Scanning sources...
Finished scanning sources
INFO: [IP_Flow 19-234] Refreshing IP repositories
INFO: [IP_Flow 19-1704] No user IP repositories specified
INFO: [IP_Flow 19-2313] Loaded Vivado IP repository 'C:/Xilinx/Vivado/2020.1/data/ip'.
open_project: Time (s): cpu = 00:00:19 ; elapsed = 00:00:13 . Memory (MB): peak = 1112.090 ; gain = 0.000
update_compile_order -fileset sources_1
exit
INFO: [Common 17-206] Exiting Vivado at Wed Dec  2 10:41:54 2020...
