#-----------------------------------------------------------
# Vivado v2020.1 (64-bit)
# SW Build 2902540 on Wed May 27 19:54:49 MDT 2020
# IP Build 2902112 on Wed May 27 22:43:36 MDT 2020
# Start of session at: Tue Dec  1 13:41:25 2020
# Process ID: 11980
# Current directory: C:/Users/eastc/Desktop/CPE487/Cmod-A7-15T/Frogger/Frogger
# Command line: vivado.exe -gui_launcher_event rodinguilauncherevent8972 C:\Users\eastc\Desktop\CPE487\Cmod-A7-15T\Frogger\Frogger\Frogger.xpr
# Log file: C:/Users/eastc/Desktop/CPE487/Cmod-A7-15T/Frogger/Frogger/vivado.log
# Journal file: C:/Users/eastc/Desktop/CPE487/Cmod-A7-15T/Frogger/Frogger\vivado.jou
#-----------------------------------------------------------
start_gui
open_project C:/Users/eastc/Desktop/CPE487/Cmod-A7-15T/Frogger/Frogger/Frogger.xpr
Scanning sources...
Finished scanning sources
INFO: [IP_Flow 19-234] Refreshing IP repositories
INFO: [IP_Flow 19-1704] No user IP repositories specified
INFO: [IP_Flow 19-2313] Loaded Vivado IP repository 'C:/Xilinx/Vivado/2020.1/data/ip'.
open_project: Time (s): cpu = 00:00:27 ; elapsed = 00:00:24 . Memory (MB): peak = 1096.418 ; gain = 0.000
update_compile_order -fileset sources_1
exit
INFO: [Common 17-206] Exiting Vivado at Tue Dec  1 13:56:09 2020...
] Connecting to hw_server url TCP:localhost:3121
INFO: [Labtools 27-2222] Launching hw_server...
INFO: [Labtools 27-2221] Launch Output:

****** Xilinx hw_server v2020.1
  **** Build date : May 27 2020 at 20:24:38
    ** Copyright 1986-2020 Xilinx, Inc. All Rights Reserved.


INFO: [Labtools 27-3415] Connecting to cs_server url TCP:localhost:3042
INFO: [Labtools 27-3417] Launching cs_server...
INFO: [Labtools 27-2221] Launch Output:


****** Xilinx cs_server v2020.1.0
  **** Build date : May 13 2020-21:10:29
    ** Copyright 2017-2020 Xilinx, Inc. All Rights Reserved.



connect_hw_server: Time (s): cpu = 00:00:01 ; elapsed = 00:00:11 . Memory (MB): peak = 1096.418 ; gain = 0.000
open_hw_target
INFO: [Labtoolstcl 44-466] Opening hw_target localhost:3121/xilinx_tcf/Digilent/210328AB7F9CA
open_hw_target: Time (s): cpu = 00:00:06 ; elapsed = 00:00:06 . Memory (MB): peak = 2298.387 ; gain = 1201.969
set_property PROGRAM.FILE {C:/Users/eastc/Desktop/CPE487/Cmod-A7-15T/Frogger/Frogger/Frogger.runs/impl_1/vga_top.bit} [get_hw_devices xc7a15t_0]
current_hw_device [get_hw_devices xc7a15t_0]
refresh_hw_device -update_hw_probes false [lindex [get_hw_devices xc7a15t_0] 0]
INFO: [Labtools 27-1435] Device xc7a15t (JTAG device index = 0) is not programmed (DONE status = 0).
set_property PROBES.FILE {} [get_hw_devices xc7a15t_0]
set_property FULL_PROBES.FILE {} [get_hw_devices xc7a15t_0]
set_property PROGRAM.FILE {C:/Users/eastc/Desktop/CPE487/Cmod-A7-15T/Frogger/Frogger/Frogger.runs/impl_1/vga_top.bit} [get_hw_devices xc7a15t_0]
program_hw_devices [get_hw_devices xc7a15t_0]
INFO: [Labtools 27-3164] End of startup status: HIGH
refresh_hw_device [lindex [get_hw_devices xc7a15t_0] 0]
INFO: [Labtools 27-1434] Device xc7a15t (JTAG device index = 0) is programmed with a design that has no supported debug core(s) in it.
ERROR: [Labtoolstcl 44-513] HW Target shutdown. Closing target: localhost:3121/xilinx_tcf/Digilent/210328AB7F9CA
exit
INFO: [Common 17-206] Exiting Vivado at Tue Dec  1 13:56:08 2020...
