Copyright 1986-2020 Xilinx, Inc. All Rights Reserved.
-----------------------------------------------------------------------------------------------------------------------------------------------------------
| Tool Version : Vivado v.2020.1 (win64) Build 2902540 Wed May 27 19:54:49 MDT 2020
| Date         : Sat Nov 21 13:04:41 2020
| Host         : DESKTOP-TF4Q9RE running 64-bit major release  (build 9200)
| Command      : report_methodology -file vga_top_methodology_drc_routed.rpt -pb vga_top_methodology_drc_routed.pb -rpx vga_top_methodology_drc_routed.rpx
| Design       : vga_top
| Device       : xc7a15tcpg236-1
| Speed File   : -1
| Design State : Fully Routed
-----------------------------------------------------------------------------------------------------------------------------------------------------------

Report Methodology

Table of Contents
-----------------
1. REPORT SUMMARY
2. REPORT DETAILS

1. REPORT SUMMARY
-----------------
            Netlist: netlist
          Floorplan: design_1
      Design limits: <entire design considered>
             Max violations: <unlimited>
             Violations found: 122
+-----------+------------------+------------------------------------------------+------------+
| Rule      | Severity         | Description                                    | Violations |
+-----------+------------------+------------------------------------------------+------------+
| TIMING-6  | Critical Warning | No common primary clock between related clocks | 2          |
| TIMING-8  | Critical Warning | No common period between related clocks        | 2          |
| TIMING-17 | Critical Warning | Non-clocked sequential cell                    | 20         |
| SYNTH-11  | Warning          | DSP output not registered                      | 2          |
| TIMING-16 | Warning          | Large setup violation                          | 96         |
+-----------+------------------+------------------------------------------------+------------+

2. REPORT DETAILS
-----------------
TIMING-6#1 Critical Warning
No common primary clock between related clocks  
The clocks clk_out1_clk_wiz_0 and clk_out1_clk_wiz_0_1 are related (timed together) but they have no common primary clock. The design could fail in hardware. To find a timing path between these clocks, run the following command: report_timing -from [get_clocks clk_out1_clk_wiz_0] -to [get_clocks clk_out1_clk_wiz_0_1]
Related violations: <none>

TIMING-6#2 Critical Warning
No common primary clock between related clocks  
The clocks clk_out1_clk_wiz_0_1 and clk_out1_clk_wiz_0 are related (timed together) but they have no common primary clock. The design could fail in hardware. To find a timing path between these clocks, run the following command: report_timing -from [get_clocks clk_out1_clk_wiz_0_1] -to [get_clocks clk_out1_clk_wiz_0]
Related violations: <none>

TIMING-8#1 Critical Warning
No common period between related clocks  
The clocks clk_out1_clk_wiz_0 and clk_out1_clk_wiz_0_1 are found related (timed together) but have no common (expandable) period
Related violations: <none>

TIMING-8#2 Critical Warning
No common period between related clocks  
The clocks clk_out1_clk_wiz_0_1 and clk_out1_clk_wiz_0 are found related (timed together) but have no common (expandable) period
Related violations: <none>

TIMING-17#1 Critical Warning
Non-clocked sequential cell  
The clock pin add_ball/ball_x_motion_reg[10]/C is not reached by a timing clock
Related violations: <none>

TIMING-17#2 Critical Warning
Non-clocked sequential cell  
The clock pin add_ball/ball_x_reg[10]/C is not reached by a timing clock
Related violations: <none>

TIMING-17#3 Critical Warning
Non-clocked sequential cell  
The clock pin add_ball/ball_x_reg[2]/C is not reached by a timing clock
Related violations: <none>

TIMING-17#4 Critical Warning
Non-clocked sequential cell  
The clock pin add_ball/ball_x_reg[3]/C is not reached by a timing clock
Related violations: <none>

TIMING-17#5 Critical Warning
Non-clocked sequential cell  
The clock pin add_ball/ball_x_reg[4]/C is not reached by a timing clock
Related violations: <none>

TIMING-17#6 Critical Warning
Non-clocked sequential cell  
The clock pin add_ball/ball_x_reg[5]/C is not reached by a timing clock
Related violations: <none>

TIMING-17#7 Critical Warning
Non-clocked sequential cell  
The clock pin add_ball/ball_x_reg[6]/C is not reached by a timing clock
Related violations: <none>

TIMING-17#8 Critical Warning
Non-clocked sequential cell  
The clock pin add_ball/ball_x_reg[7]/C is not reached by a timing clock
Related violations: <none>

TIMING-17#9 Critical Warning
Non-clocked sequential cell  
The clock pin add_ball/ball_x_reg[8]/C is not reached by a timing clock
Related violations: <none>

TIMING-17#10 Critical Warning
Non-clocked sequential cell  
The clock pin add_ball/ball_x_reg[9]/C is not reached by a timing clock
Related violations: <none>

TIMING-17#11 Critical Warning
Non-clocked sequential cell  
The clock pin add_ball/ball_y_motion_reg[10]/C is not reached by a timing clock
Related violations: <none>

TIMING-17#12 Critical Warning
Non-clocked sequential cell  
The clock pin add_ball/ball_y_reg[10]/C is not reached by a timing clock
Related violations: <none>

TIMING-17#13 Critical Warning
Non-clocked sequential cell  
The clock pin add_ball/ball_y_reg[2]/C is not reached by a timing clock
Related violations: <none>

TIMING-17#14 Critical Warning
Non-clocked sequential cell  
The clock pin add_ball/ball_y_reg[3]/C is not reached by a timing clock
Related violations: <none>

TIMING-17#15 Critical Warning
Non-clocked sequential cell  
The clock pin add_ball/ball_y_reg[4]/C is not reached by a timing clock
Related violations: <none>

TIMING-17#16 Critical Warning
Non-clocked sequential cell  
The clock pin add_ball/ball_y_reg[5]/C is not reached by a timing clock
Related violations: <none>

TIMING-17#17 Critical Warning
Non-clocked sequential cell  
The clock pin add_ball/ball_y_reg[6]/C is not reached by a timing clock
Related violations: <none>

TIMING-17#18 Critical Warning
Non-clocked sequential cell  
The clock pin add_ball/ball_y_reg[7]/C is not reached by a timing clock
Related violations: <none>

TIMING-17#19 Critical Warning
Non-clocked sequential cell  
The clock pin add_ball/ball_y_reg[8]/C is not reached by a timing clock
Related violations: <none>

TIMING-17#20 Critical Warning
Non-clocked sequential cell  
The clock pin add_ball/ball_y_reg[9]/C is not reached by a timing clock
Related violations: <none>

SYNTH-11#1 Warning
DSP output not registered  
DSP instance add_ball/red1 is not fully pipelined on the output side. MREG/PREG are not used.
Related violations: <none>

SYNTH-11#2 Warning
DSP output not registered  
DSP instance add_ball/red2 is not fully pipelined on the output side. MREG/PREG are not used.
Related violations: <none>

TIMING-16#1 Warning
Large setup violation  
There is a large setup violation of -1.585 ns between vga_driver/v_cnt_reg[3]/C (clocked by clk_out1_clk_wiz_0_1) and vga_driver/pixel_row_reg[3]/D (clocked by clk_out1_clk_wiz_0). Large setup violations at the end of those stages might be difficult to fix during the post-placement implementation flow and could be the result of non-optimal XDC constraints or non-optimal design architecture
Related violations: <none>

TIMING-16#2 Warning
Large setup violation  
There is a large setup violation of -1.613 ns between vga_driver/v_cnt_reg[5]/C (clocked by clk_out1_clk_wiz_0_1) and vga_driver/pixel_row_reg[5]/D (clocked by clk_out1_clk_wiz_0). Large setup violations at the end of those stages might be difficult to fix during the post-placement implementation flow and could be the result of non-optimal XDC constraints or non-optimal design architecture
Related violations: <none>

TIMING-16#3 Warning
Large setup violation  
There is a large setup violation of -1.628 ns between vga_driver/v_cnt_reg[2]/C (clocked by clk_out1_clk_wiz_0_1) and vga_driver/pixel_row_reg[2]/D (clocked by clk_out1_clk_wiz_0). Large setup violations at the end of those stages might be difficult to fix during the post-placement implementation flow and could be the result of non-optimal XDC constraints or non-optimal design architecture
Related violations: <none>

TIMING-16#4 Warning
Large setup violation  
There is a large setup violation of -1.642 ns between vga_driver/v_cnt_reg[7]/C (clocked by clk_out1_clk_wiz_0_1) and vga_driver/pixel_row_reg[7]/D (clocked by clk_out1_clk_wiz_0). Large setup violations at the end of those stages might be difficult to fix during the post-placement implementation flow and could be the result of non-optimal XDC constraints or non-optimal design architecture
Related violations: <none>

TIMING-16#5 Warning
Large setup violation  
There is a large setup violation of -1.677 ns between vga_driver/v_cnt_reg[0]/C (clocked by clk_out1_clk_wiz_0_1) and vga_driver/pixel_row_reg[0]/D (clocked by clk_out1_clk_wiz_0). Large setup violations at the end of those stages might be difficult to fix during the post-placement implementation flow and could be the result of non-optimal XDC constraints or non-optimal design architecture
Related violations: <none>

TIMING-16#6 Warning
Large setup violation  
There is a large setup violation of -1.684 ns between vga_driver/v_cnt_reg[6]/C (clocked by clk_out1_clk_wiz_0_1) and vga_driver/pixel_row_reg[6]/D (clocked by clk_out1_clk_wiz_0). Large setup violations at the end of those stages might be difficult to fix during the post-placement implementation flow and could be the result of non-optimal XDC constraints or non-optimal design architecture
Related violations: <none>

TIMING-16#7 Warning
Large setup violation  
There is a large setup violation of -1.693 ns between vga_driver/h_cnt_reg[10]/C (clocked by clk_out1_clk_wiz_0_1) and vga_driver/pixel_col_reg[10]/D (clocked by clk_out1_clk_wiz_0). Large setup violations at the end of those stages might be difficult to fix during the post-placement implementation flow and could be the result of non-optimal XDC constraints or non-optimal design architecture
Related violations: <none>

TIMING-16#8 Warning
Large setup violation  
There is a large setup violation of -1.724 ns between vga_driver/h_cnt_reg[7]/C (clocked by clk_out1_clk_wiz_0_1) and vga_driver/pixel_col_reg[7]/D (clocked by clk_out1_clk_wiz_0). Large setup violations at the end of those stages might be difficult to fix during the post-placement implementation flow and could be the result of non-optimal XDC constraints or non-optimal design architecture
Related violations: <none>

TIMING-16#9 Warning
Large setup violation  
There is a large setup violation of -1.725 ns between vga_driver/h_cnt_reg[0]/C (clocked by clk_out1_clk_wiz_0_1) and vga_driver/pixel_col_reg[0]/D (clocked by clk_out1_clk_wiz_0). Large setup violations at the end of those stages might be difficult to fix during the post-placement implementation flow and could be the result of non-optimal XDC constraints or non-optimal design architecture
Related violations: <none>

TIMING-16#10 Warning
Large setup violation  
There is a large setup violation of -1.726 ns between vga_driver/v_cnt_reg[8]/C (clocked by clk_out1_clk_wiz_0_1) and vga_driver/pixel_row_reg[8]/D (clocked by clk_out1_clk_wiz_0). Large setup violations at the end of those stages might be difficult to fix during the post-placement implementation flow and could be the result of non-optimal XDC constraints or non-optimal design architecture
Related violations: <none>

TIMING-16#11 Warning
Large setup violation  
There is a large setup violation of -1.731 ns between vga_driver/h_cnt_reg[5]/C (clocked by clk_out1_clk_wiz_0_1) and vga_driver/pixel_col_reg[5]/D (clocked by clk_out1_clk_wiz_0). Large setup violations at the end of those stages might be difficult to fix during the post-placement implementation flow and could be the result of non-optimal XDC constraints or non-optimal design architecture
Related violations: <none>

TIMING-16#12 Warning
Large setup violation  
There is a large setup violation of -1.740 ns between vga_driver/h_cnt_reg[9]/C (clocked by clk_out1_clk_wiz_0_1) and vga_driver/pixel_col_reg[9]/D (clocked by clk_out1_clk_wiz_0). Large setup violations at the end of those stages might be difficult to fix during the post-placement implementation flow and could be the result of non-optimal XDC constraints or non-optimal design architecture
Related violations: <none>

TIMING-16#13 Warning
Large setup violation  
There is a large setup violation of -1.744 ns between vga_driver/h_cnt_reg[3]/C (clocked by clk_out1_clk_wiz_0_1) and vga_driver/pixel_col_reg[3]/D (clocked by clk_out1_clk_wiz_0). Large setup violations at the end of those stages might be difficult to fix during the post-placement implementation flow and could be the result of non-optimal XDC constraints or non-optimal design architecture
Related violations: <none>

TIMING-16#14 Warning
Large setup violation  
There is a large setup violation of -1.745 ns between vga_driver/h_cnt_reg[1]/C (clocked by clk_out1_clk_wiz_0_1) and vga_driver/pixel_col_reg[1]/D (clocked by clk_out1_clk_wiz_0). Large setup violations at the end of those stages might be difficult to fix during the post-placement implementation flow and could be the result of non-optimal XDC constraints or non-optimal design architecture
Related violations: <none>

TIMING-16#15 Warning
Large setup violation  
There is a large setup violation of -1.774 ns between vga_driver/h_cnt_reg[2]/C (clocked by clk_out1_clk_wiz_0_1) and vga_driver/pixel_col_reg[2]/D (clocked by clk_out1_clk_wiz_0). Large setup violations at the end of those stages might be difficult to fix during the post-placement implementation flow and could be the result of non-optimal XDC constraints or non-optimal design architecture
Related violations: <none>

TIMING-16#16 Warning
Large setup violation  
There is a large setup violation of -1.781 ns between vga_driver/h_cnt_reg[6]/C (clocked by clk_out1_clk_wiz_0_1) and vga_driver/pixel_col_reg[6]/D (clocked by clk_out1_clk_wiz_0). Large setup violations at the end of those stages might be difficult to fix during the post-placement implementation flow and could be the result of non-optimal XDC constraints or non-optimal design architecture
Related violations: <none>

TIMING-16#17 Warning
Large setup violation  
There is a large setup violation of -1.786 ns between vga_driver/v_cnt_reg[1]/C (clocked by clk_out1_clk_wiz_0_1) and vga_driver/pixel_row_reg[1]/D (clocked by clk_out1_clk_wiz_0). Large setup violations at the end of those stages might be difficult to fix during the post-placement implementation flow and could be the result of non-optimal XDC constraints or non-optimal design architecture
Related violations: <none>

TIMING-16#18 Warning
Large setup violation  
There is a large setup violation of -1.792 ns between vga_driver/v_cnt_reg[9]/C (clocked by clk_out1_clk_wiz_0_1) and vga_driver/pixel_row_reg[9]/D (clocked by clk_out1_clk_wiz_0). Large setup violations at the end of those stages might be difficult to fix during the post-placement implementation flow and could be the result of non-optimal XDC constraints or non-optimal design architecture
Related violations: <none>

TIMING-16#19 Warning
Large setup violation  
There is a large setup violation of -1.800 ns between vga_driver/h_cnt_reg[0]/C (clocked by clk_out1_clk_wiz_0_1) and vga_driver/h_cnt_reg[0]/D (clocked by clk_out1_clk_wiz_0). Large setup violations at the end of those stages might be difficult to fix during the post-placement implementation flow and could be the result of non-optimal XDC constraints or non-optimal design architecture
Related violations: <none>

TIMING-16#20 Warning
Large setup violation  
There is a large setup violation of -1.873 ns between vga_driver/h_cnt_reg[8]/C (clocked by clk_out1_clk_wiz_0_1) and vga_driver/pixel_col_reg[8]/D (clocked by clk_out1_clk_wiz_0). Large setup violations at the end of those stages might be difficult to fix during the post-placement implementation flow and could be the result of non-optimal XDC constraints or non-optimal design architecture
Related violations: <none>

TIMING-16#21 Warning
Large setup violation  
There is a large setup violation of -11.331 ns between vga_driver/pixel_col_reg[4]/C (clocked by clk_out1_clk_wiz_0_1) and vga_driver/red_out_reg/D (clocked by clk_out1_clk_wiz_0). Large setup violations at the end of those stages might be difficult to fix during the post-placement implementation flow and could be the result of non-optimal XDC constraints or non-optimal design architecture
Related violations: <none>

TIMING-16#22 Warning
Large setup violation  
There is a large setup violation of -11.332 ns between vga_driver/pixel_col_reg[4]/C (clocked by clk_out1_clk_wiz_0_1) and vga_driver/red_out_reg_lopt_replica/D (clocked by clk_out1_clk_wiz_0). Large setup violations at the end of those stages might be difficult to fix during the post-placement implementation flow and could be the result of non-optimal XDC constraints or non-optimal design architecture
Related violations: <none>

TIMING-16#23 Warning
Large setup violation  
There is a large setup violation of -2.007 ns between vga_driver/h_cnt_reg[4]/C (clocked by clk_out1_clk_wiz_0_1) and vga_driver/pixel_col_reg[4]/D (clocked by clk_out1_clk_wiz_0). Large setup violations at the end of those stages might be difficult to fix during the post-placement implementation flow and could be the result of non-optimal XDC constraints or non-optimal design architecture
Related violations: <none>

TIMING-16#24 Warning
Large setup violation  
There is a large setup violation of -2.349 ns between vga_driver/v_cnt_reg[0]/C (clocked by clk_out1_clk_wiz_0_1) and add_ball/red1/D[0] (clocked by clk_out1_clk_wiz_0). Large setup violations at the end of those stages might be difficult to fix during the post-placement implementation flow and could be the result of non-optimal XDC constraints or non-optimal design architecture
Related violations: <none>

TIMING-16#25 Warning
Large setup violation  
There is a large setup violation of -2.352 ns between vga_driver/h_cnt_reg[3]/C (clocked by clk_out1_clk_wiz_0_1) and add_ball/red2/D[3] (clocked by clk_out1_clk_wiz_0). Large setup violations at the end of those stages might be difficult to fix during the post-placement implementation flow and could be the result of non-optimal XDC constraints or non-optimal design architecture
Related violations: <none>

TIMING-16#26 Warning
Large setup violation  
There is a large setup violation of -2.382 ns between vga_driver/h_cnt_reg[7]/C (clocked by clk_out1_clk_wiz_0_1) and add_ball/red2/D[7] (clocked by clk_out1_clk_wiz_0). Large setup violations at the end of those stages might be difficult to fix during the post-placement implementation flow and could be the result of non-optimal XDC constraints or non-optimal design architecture
Related violations: <none>

TIMING-16#27 Warning
Large setup violation  
There is a large setup violation of -2.382 ns between vga_driver/v_cnt_reg[3]/C (clocked by clk_out1_clk_wiz_0_1) and add_ball/red1/D[3] (clocked by clk_out1_clk_wiz_0). Large setup violations at the end of those stages might be difficult to fix during the post-placement implementation flow and could be the result of non-optimal XDC constraints or non-optimal design architecture
Related violations: <none>

TIMING-16#28 Warning
Large setup violation  
There is a large setup violation of -2.386 ns between vga_driver/v_cnt_reg[2]/C (clocked by clk_out1_clk_wiz_0_1) and add_ball/red1/D[2] (clocked by clk_out1_clk_wiz_0). Large setup violations at the end of those stages might be difficult to fix during the post-placement implementation flow and could be the result of non-optimal XDC constraints or non-optimal design architecture
Related violations: <none>

TIMING-16#29 Warning
Large setup violation  
There is a large setup violation of -2.389 ns between vga_driver/h_cnt_reg[5]/C (clocked by clk_out1_clk_wiz_0_1) and add_ball/red2/D[5] (clocked by clk_out1_clk_wiz_0). Large setup violations at the end of those stages might be difficult to fix during the post-placement implementation flow and could be the result of non-optimal XDC constraints or non-optimal design architecture
Related violations: <none>

TIMING-16#30 Warning
Large setup violation  
There is a large setup violation of -2.406 ns between vga_driver/v_cnt_reg[0]/C (clocked by clk_out1_clk_wiz_0_1) and vga_driver/v_cnt_reg[3]/D (clocked by clk_out1_clk_wiz_0). Large setup violations at the end of those stages might be difficult to fix during the post-placement implementation flow and could be the result of non-optimal XDC constraints or non-optimal design architecture
Related violations: <none>

TIMING-16#31 Warning
Large setup violation  
There is a large setup violation of -2.407 ns between vga_driver/v_cnt_reg[5]/C (clocked by clk_out1_clk_wiz_0_1) and add_ball/red1/D[5] (clocked by clk_out1_clk_wiz_0). Large setup violations at the end of those stages might be difficult to fix during the post-placement implementation flow and could be the result of non-optimal XDC constraints or non-optimal design architecture
Related violations: <none>

TIMING-16#32 Warning
Large setup violation  
There is a large setup violation of -2.408 ns between vga_driver/v_cnt_reg[9]/C (clocked by clk_out1_clk_wiz_0_1) and add_ball/red1/D[9] (clocked by clk_out1_clk_wiz_0). Large setup violations at the end of those stages might be difficult to fix during the post-placement implementation flow and could be the result of non-optimal XDC constraints or non-optimal design architecture
Related violations: <none>

TIMING-16#33 Warning
Large setup violation  
There is a large setup violation of -2.410 ns between vga_driver/h_cnt_reg[0]/C (clocked by clk_out1_clk_wiz_0_1) and add_ball/red2/D[0] (clocked by clk_out1_clk_wiz_0). Large setup violations at the end of those stages might be difficult to fix during the post-placement implementation flow and could be the result of non-optimal XDC constraints or non-optimal design architecture
Related violations: <none>

TIMING-16#34 Warning
Large setup violation  
There is a large setup violation of -2.410 ns between vga_driver/h_cnt_reg[9]/C (clocked by clk_out1_clk_wiz_0_1) and add_ball/red2/D[9] (clocked by clk_out1_clk_wiz_0). Large setup violations at the end of those stages might be difficult to fix during the post-placement implementation flow and could be the result of non-optimal XDC constraints or non-optimal design architecture
Related violations: <none>

TIMING-16#35 Warning
Large setup violation  
There is a large setup violation of -2.417 ns between vga_driver/v_cnt_reg[8]/C (clocked by clk_out1_clk_wiz_0_1) and add_ball/red1/D[8] (clocked by clk_out1_clk_wiz_0). Large setup violations at the end of those stages might be difficult to fix during the post-placement implementation flow and could be the result of non-optimal XDC constraints or non-optimal design architecture
Related violations: <none>

TIMING-16#36 Warning
Large setup violation  
There is a large setup violation of -2.418 ns between vga_driver/h_cnt_reg[1]/C (clocked by clk_out1_clk_wiz_0_1) and add_ball/red2/D[1] (clocked by clk_out1_clk_wiz_0). Large setup violations at the end of those stages might be difficult to fix during the post-placement implementation flow and could be the result of non-optimal XDC constraints or non-optimal design architecture
Related violations: <none>

TIMING-16#37 Warning
Large setup violation  
There is a large setup violation of -2.427 ns between vga_driver/v_cnt_reg[1]/C (clocked by clk_out1_clk_wiz_0_1) and add_ball/red1/D[1] (clocked by clk_out1_clk_wiz_0). Large setup violations at the end of those stages might be difficult to fix during the post-placement implementation flow and could be the result of non-optimal XDC constraints or non-optimal design architecture
Related violations: <none>

TIMING-16#38 Warning
Large setup violation  
There is a large setup violation of -2.430 ns between vga_driver/h_cnt_reg[10]/C (clocked by clk_out1_clk_wiz_0_1) and add_ball/red2/D[10] (clocked by clk_out1_clk_wiz_0). Large setup violations at the end of those stages might be difficult to fix during the post-placement implementation flow and could be the result of non-optimal XDC constraints or non-optimal design architecture
Related violations: <none>

TIMING-16#39 Warning
Large setup violation  
There is a large setup violation of -2.432 ns between vga_driver/v_cnt_reg[7]/C (clocked by clk_out1_clk_wiz_0_1) and add_ball/red1/D[7] (clocked by clk_out1_clk_wiz_0). Large setup violations at the end of those stages might be difficult to fix during the post-placement implementation flow and could be the result of non-optimal XDC constraints or non-optimal design architecture
Related violations: <none>

TIMING-16#40 Warning
Large setup violation  
There is a large setup violation of -2.438 ns between vga_driver/h_cnt_reg[6]/C (clocked by clk_out1_clk_wiz_0_1) and add_ball/red2/D[6] (clocked by clk_out1_clk_wiz_0). Large setup violations at the end of those stages might be difficult to fix during the post-placement implementation flow and could be the result of non-optimal XDC constraints or non-optimal design architecture
Related violations: <none>

TIMING-16#41 Warning
Large setup violation  
There is a large setup violation of -2.449 ns between vga_driver/v_cnt_reg[4]/C (clocked by clk_out1_clk_wiz_0_1) and vga_driver/pixel_row_reg[4]/D (clocked by clk_out1_clk_wiz_0). Large setup violations at the end of those stages might be difficult to fix during the post-placement implementation flow and could be the result of non-optimal XDC constraints or non-optimal design architecture
Related violations: <none>

TIMING-16#42 Warning
Large setup violation  
There is a large setup violation of -2.504 ns between vga_driver/v_cnt_reg[6]/C (clocked by clk_out1_clk_wiz_0_1) and add_ball/red1/D[6] (clocked by clk_out1_clk_wiz_0). Large setup violations at the end of those stages might be difficult to fix during the post-placement implementation flow and could be the result of non-optimal XDC constraints or non-optimal design architecture
Related violations: <none>

TIMING-16#43 Warning
Large setup violation  
There is a large setup violation of -2.505 ns between vga_driver/h_cnt_reg[0]/C (clocked by clk_out1_clk_wiz_0_1) and vga_driver/h_cnt_reg[2]/D (clocked by clk_out1_clk_wiz_0). Large setup violations at the end of those stages might be difficult to fix during the post-placement implementation flow and could be the result of non-optimal XDC constraints or non-optimal design architecture
Related violations: <none>

TIMING-16#44 Warning
Large setup violation  
There is a large setup violation of -2.523 ns between vga_driver/h_cnt_reg[0]/C (clocked by clk_out1_clk_wiz_0_1) and vga_driver/h_cnt_reg[1]/D (clocked by clk_out1_clk_wiz_0). Large setup violations at the end of those stages might be difficult to fix during the post-placement implementation flow and could be the result of non-optimal XDC constraints or non-optimal design architecture
Related violations: <none>

TIMING-16#45 Warning
Large setup violation  
There is a large setup violation of -2.524 ns between vga_driver/h_cnt_reg[4]/C (clocked by clk_out1_clk_wiz_0_1) and add_ball/red2/D[4] (clocked by clk_out1_clk_wiz_0). Large setup violations at the end of those stages might be difficult to fix during the post-placement implementation flow and could be the result of non-optimal XDC constraints or non-optimal design architecture
Related violations: <none>

TIMING-16#46 Warning
Large setup violation  
There is a large setup violation of -2.554 ns between vga_driver/h_cnt_reg[2]/C (clocked by clk_out1_clk_wiz_0_1) and add_ball/red2/D[2] (clocked by clk_out1_clk_wiz_0). Large setup violations at the end of those stages might be difficult to fix during the post-placement implementation flow and could be the result of non-optimal XDC constraints or non-optimal design architecture
Related violations: <none>

TIMING-16#47 Warning
Large setup violation  
There is a large setup violation of -2.572 ns between vga_driver/h_cnt_reg[4]/C (clocked by clk_out1_clk_wiz_0_1) and vga_driver/h_cnt_reg[6]/D (clocked by clk_out1_clk_wiz_0). Large setup violations at the end of those stages might be difficult to fix during the post-placement implementation flow and could be the result of non-optimal XDC constraints or non-optimal design architecture
Related violations: <none>

TIMING-16#48 Warning
Large setup violation  
There is a large setup violation of -2.611 ns between vga_driver/h_cnt_reg[8]/C (clocked by clk_out1_clk_wiz_0_1) and add_ball/red2/D[8] (clocked by clk_out1_clk_wiz_0). Large setup violations at the end of those stages might be difficult to fix during the post-placement implementation flow and could be the result of non-optimal XDC constraints or non-optimal design architecture
Related violations: <none>

TIMING-16#49 Warning
Large setup violation  
There is a large setup violation of -2.747 ns between vga_driver/h_cnt_reg[0]/C (clocked by clk_out1_clk_wiz_0_1) and vga_driver/h_cnt_reg[5]/D (clocked by clk_out1_clk_wiz_0). Large setup violations at the end of those stages might be difficult to fix during the post-placement implementation flow and could be the result of non-optimal XDC constraints or non-optimal design architecture
Related violations: <none>

TIMING-16#50 Warning
Large setup violation  
There is a large setup violation of -2.749 ns between vga_driver/h_cnt_reg[0]/C (clocked by clk_out1_clk_wiz_0_1) and vga_driver/h_cnt_reg[4]/D (clocked by clk_out1_clk_wiz_0). Large setup violations at the end of those stages might be difficult to fix during the post-placement implementation flow and could be the result of non-optimal XDC constraints or non-optimal design architecture
Related violations: <none>

TIMING-16#51 Warning
Large setup violation  
There is a large setup violation of -2.756 ns between vga_driver/h_cnt_reg[0]/C (clocked by clk_out1_clk_wiz_0_1) and vga_driver/h_cnt_reg[3]/D (clocked by clk_out1_clk_wiz_0). Large setup violations at the end of those stages might be difficult to fix during the post-placement implementation flow and could be the result of non-optimal XDC constraints or non-optimal design architecture
Related violations: <none>

TIMING-16#52 Warning
Large setup violation  
There is a large setup violation of -2.785 ns between vga_driver/h_cnt_reg[9]/C (clocked by clk_out1_clk_wiz_0_1) and vga_driver/blue_out_reg/D (clocked by clk_out1_clk_wiz_0). Large setup violations at the end of those stages might be difficult to fix during the post-placement implementation flow and could be the result of non-optimal XDC constraints or non-optimal design architecture
Related violations: <none>

TIMING-16#53 Warning
Large setup violation  
There is a large setup violation of -3.045 ns between vga_driver/v_cnt_reg[4]/C (clocked by clk_out1_clk_wiz_0_1) and add_ball/red1/D[4] (clocked by clk_out1_clk_wiz_0). Large setup violations at the end of those stages might be difficult to fix during the post-placement implementation flow and could be the result of non-optimal XDC constraints or non-optimal design architecture
Related violations: <none>

TIMING-16#54 Warning
Large setup violation  
There is a large setup violation of -3.060 ns between vga_driver/v_cnt_reg[5]/C (clocked by clk_out1_clk_wiz_0_1) and vga_driver/v_cnt_reg[5]/D (clocked by clk_out1_clk_wiz_0). Large setup violations at the end of those stages might be difficult to fix during the post-placement implementation flow and could be the result of non-optimal XDC constraints or non-optimal design architecture
Related violations: <none>

TIMING-16#55 Warning
Large setup violation  
There is a large setup violation of -3.156 ns between vga_driver/v_cnt_reg[4]/C (clocked by clk_out1_clk_wiz_0_1) and vga_driver/v_cnt_reg[2]/D (clocked by clk_out1_clk_wiz_0). Large setup violations at the end of those stages might be difficult to fix during the post-placement implementation flow and could be the result of non-optimal XDC constraints or non-optimal design architecture
Related violations: <none>

TIMING-16#56 Warning
Large setup violation  
There is a large setup violation of -3.237 ns between vga_driver/h_cnt_reg[3]/C (clocked by clk_out1_clk_wiz_0_1) and vga_driver/v_cnt_reg[3]/CE (clocked by clk_out1_clk_wiz_0). Large setup violations at the end of those stages might be difficult to fix during the post-placement implementation flow and could be the result of non-optimal XDC constraints or non-optimal design architecture
Related violations: <none>

TIMING-16#57 Warning
Large setup violation  
There is a large setup violation of -3.237 ns between vga_driver/h_cnt_reg[3]/C (clocked by clk_out1_clk_wiz_0_1) and vga_driver/v_cnt_reg[4]/CE (clocked by clk_out1_clk_wiz_0). Large setup violations at the end of those stages might be difficult to fix during the post-placement implementation flow and could be the result of non-optimal XDC constraints or non-optimal design architecture
Related violations: <none>

TIMING-16#58 Warning
Large setup violation  
There is a large setup violation of -3.237 ns between vga_driver/h_cnt_reg[3]/C (clocked by clk_out1_clk_wiz_0_1) and vga_driver/v_cnt_reg[5]/CE (clocked by clk_out1_clk_wiz_0). Large setup violations at the end of those stages might be difficult to fix during the post-placement implementation flow and could be the result of non-optimal XDC constraints or non-optimal design architecture
Related violations: <none>

TIMING-16#59 Warning
Large setup violation  
There is a large setup violation of -3.237 ns between vga_driver/h_cnt_reg[3]/C (clocked by clk_out1_clk_wiz_0_1) and vga_driver/v_cnt_reg[7]/CE (clocked by clk_out1_clk_wiz_0). Large setup violations at the end of those stages might be difficult to fix during the post-placement implementation flow and could be the result of non-optimal XDC constraints or non-optimal design architecture
Related violations: <none>

TIMING-16#60 Warning
Large setup violation  
There is a large setup violation of -3.237 ns between vga_driver/h_cnt_reg[3]/C (clocked by clk_out1_clk_wiz_0_1) and vga_driver/v_cnt_reg[8]/CE (clocked by clk_out1_clk_wiz_0). Large setup violations at the end of those stages might be difficult to fix during the post-placement implementation flow and could be the result of non-optimal XDC constraints or non-optimal design architecture
Related violations: <none>

TIMING-16#61 Warning
Large setup violation  
There is a large setup violation of -3.237 ns between vga_driver/h_cnt_reg[3]/C (clocked by clk_out1_clk_wiz_0_1) and vga_driver/v_cnt_reg[9]/CE (clocked by clk_out1_clk_wiz_0). Large setup violations at the end of those stages might be difficult to fix during the post-placement implementation flow and could be the result of non-optimal XDC constraints or non-optimal design architecture
Related violations: <none>

TIMING-16#62 Warning
Large setup violation  
There is a large setup violation of -3.239 ns between vga_driver/h_cnt_reg[3]/C (clocked by clk_out1_clk_wiz_0_1) and vga_driver/v_cnt_reg[6]/CE (clocked by clk_out1_clk_wiz_0). Large setup violations at the end of those stages might be difficult to fix during the post-placement implementation flow and could be the result of non-optimal XDC constraints or non-optimal design architecture
Related violations: <none>

TIMING-16#63 Warning
Large setup violation  
There is a large setup violation of -3.333 ns between vga_driver/v_cnt_reg[0]/C (clocked by clk_out1_clk_wiz_0_1) and vga_driver/v_cnt_reg[4]/D (clocked by clk_out1_clk_wiz_0). Large setup violations at the end of those stages might be difficult to fix during the post-placement implementation flow and could be the result of non-optimal XDC constraints or non-optimal design architecture
Related violations: <none>

TIMING-16#64 Warning
Large setup violation  
There is a large setup violation of -3.342 ns between vga_driver/h_cnt_reg[3]/C (clocked by clk_out1_clk_wiz_0_1) and vga_driver/v_cnt_reg[0]/CE (clocked by clk_out1_clk_wiz_0). Large setup violations at the end of those stages might be difficult to fix during the post-placement implementation flow and could be the result of non-optimal XDC constraints or non-optimal design architecture
Related violations: <none>

TIMING-16#65 Warning
Large setup violation  
There is a large setup violation of -3.342 ns between vga_driver/h_cnt_reg[3]/C (clocked by clk_out1_clk_wiz_0_1) and vga_driver/v_cnt_reg[1]/CE (clocked by clk_out1_clk_wiz_0). Large setup violations at the end of those stages might be difficult to fix during the post-placement implementation flow and could be the result of non-optimal XDC constraints or non-optimal design architecture
Related violations: <none>

TIMING-16#66 Warning
Large setup violation  
There is a large setup violation of -3.342 ns between vga_driver/h_cnt_reg[3]/C (clocked by clk_out1_clk_wiz_0_1) and vga_driver/v_cnt_reg[2]/CE (clocked by clk_out1_clk_wiz_0). Large setup violations at the end of those stages might be difficult to fix during the post-placement implementation flow and could be the result of non-optimal XDC constraints or non-optimal design architecture
Related violations: <none>

TIMING-16#67 Warning
Large setup violation  
There is a large setup violation of -3.356 ns between vga_driver/h_cnt_reg[4]/C (clocked by clk_out1_clk_wiz_0_1) and vga_driver/h_cnt_reg[9]/D (clocked by clk_out1_clk_wiz_0). Large setup violations at the end of those stages might be difficult to fix during the post-placement implementation flow and could be the result of non-optimal XDC constraints or non-optimal design architecture
Related violations: <none>

TIMING-16#68 Warning
Large setup violation  
There is a large setup violation of -3.506 ns between vga_driver/h_cnt_reg[4]/C (clocked by clk_out1_clk_wiz_0_1) and vga_driver/h_cnt_reg[8]/D (clocked by clk_out1_clk_wiz_0). Large setup violations at the end of those stages might be difficult to fix during the post-placement implementation flow and could be the result of non-optimal XDC constraints or non-optimal design architecture
Related violations: <none>

TIMING-16#69 Warning
Large setup violation  
There is a large setup violation of -3.524 ns between vga_driver/h_cnt_reg[4]/C (clocked by clk_out1_clk_wiz_0_1) and vga_driver/h_cnt_reg[10]/D (clocked by clk_out1_clk_wiz_0). Large setup violations at the end of those stages might be difficult to fix during the post-placement implementation flow and could be the result of non-optimal XDC constraints or non-optimal design architecture
Related violations: <none>

TIMING-16#70 Warning
Large setup violation  
There is a large setup violation of -3.536 ns between vga_driver/v_cnt_reg[2]/C (clocked by clk_out1_clk_wiz_0_1) and vga_driver/v_cnt_reg[8]/D (clocked by clk_out1_clk_wiz_0). Large setup violations at the end of those stages might be difficult to fix during the post-placement implementation flow and could be the result of non-optimal XDC constraints or non-optimal design architecture
Related violations: <none>

TIMING-16#71 Warning
Large setup violation  
There is a large setup violation of -3.551 ns between vga_driver/v_cnt_reg[2]/C (clocked by clk_out1_clk_wiz_0_1) and vga_driver/v_cnt_reg[7]/D (clocked by clk_out1_clk_wiz_0). Large setup violations at the end of those stages might be difficult to fix during the post-placement implementation flow and could be the result of non-optimal XDC constraints or non-optimal design architecture
Related violations: <none>

TIMING-16#72 Warning
Large setup violation  
There is a large setup violation of -3.552 ns between vga_driver/v_cnt_reg[2]/C (clocked by clk_out1_clk_wiz_0_1) and vga_driver/vsync_reg/D (clocked by clk_out1_clk_wiz_0). Large setup violations at the end of those stages might be difficult to fix during the post-placement implementation flow and could be the result of non-optimal XDC constraints or non-optimal design architecture
Related violations: <none>

TIMING-16#73 Warning
Large setup violation  
There is a large setup violation of -3.573 ns between vga_driver/h_cnt_reg[4]/C (clocked by clk_out1_clk_wiz_0_1) and vga_driver/h_cnt_reg[7]/D (clocked by clk_out1_clk_wiz_0). Large setup violations at the end of those stages might be difficult to fix during the post-placement implementation flow and could be the result of non-optimal XDC constraints or non-optimal design architecture
Related violations: <none>

TIMING-16#74 Warning
Large setup violation  
There is a large setup violation of -3.853 ns between vga_driver/v_cnt_reg[4]/C (clocked by clk_out1_clk_wiz_0_1) and vga_driver/v_cnt_reg[1]/D (clocked by clk_out1_clk_wiz_0). Large setup violations at the end of those stages might be difficult to fix during the post-placement implementation flow and could be the result of non-optimal XDC constraints or non-optimal design architecture
Related violations: <none>

TIMING-16#75 Warning
Large setup violation  
There is a large setup violation of -3.868 ns between vga_driver/v_cnt_reg[4]/C (clocked by clk_out1_clk_wiz_0_1) and vga_driver/v_cnt_reg[0]/D (clocked by clk_out1_clk_wiz_0). Large setup violations at the end of those stages might be difficult to fix during the post-placement implementation flow and could be the result of non-optimal XDC constraints or non-optimal design architecture
Related violations: <none>

TIMING-16#76 Warning
Large setup violation  
There is a large setup violation of -3.870 ns between vga_driver/h_cnt_reg[4]/C (clocked by clk_out1_clk_wiz_0_1) and vga_driver/h_cnt_reg[1]/R (clocked by clk_out1_clk_wiz_0). Large setup violations at the end of those stages might be difficult to fix during the post-placement implementation flow and could be the result of non-optimal XDC constraints or non-optimal design architecture
Related violations: <none>

TIMING-16#77 Warning
Large setup violation  
There is a large setup violation of -3.870 ns between vga_driver/h_cnt_reg[4]/C (clocked by clk_out1_clk_wiz_0_1) and vga_driver/h_cnt_reg[2]/R (clocked by clk_out1_clk_wiz_0). Large setup violations at the end of those stages might be difficult to fix during the post-placement implementation flow and could be the result of non-optimal XDC constraints or non-optimal design architecture
Related violations: <none>

TIMING-16#78 Warning
Large setup violation  
There is a large setup violation of -3.870 ns between vga_driver/h_cnt_reg[4]/C (clocked by clk_out1_clk_wiz_0_1) and vga_driver/h_cnt_reg[5]/R (clocked by clk_out1_clk_wiz_0). Large setup violations at the end of those stages might be difficult to fix during the post-placement implementation flow and could be the result of non-optimal XDC constraints or non-optimal design architecture
Related violations: <none>

TIMING-16#79 Warning
Large setup violation  
There is a large setup violation of -3.870 ns between vga_driver/h_cnt_reg[4]/C (clocked by clk_out1_clk_wiz_0_1) and vga_driver/h_cnt_reg[9]/R (clocked by clk_out1_clk_wiz_0). Large setup violations at the end of those stages might be difficult to fix during the post-placement implementation flow and could be the result of non-optimal XDC constraints or non-optimal design architecture
Related violations: <none>

TIMING-16#80 Warning
Large setup violation  
There is a large setup violation of -3.871 ns between vga_driver/v_cnt_reg[4]/C (clocked by clk_out1_clk_wiz_0_1) and vga_driver/v_cnt_reg[6]/D (clocked by clk_out1_clk_wiz_0). Large setup violations at the end of those stages might be difficult to fix during the post-placement implementation flow and could be the result of non-optimal XDC constraints or non-optimal design architecture
Related violations: <none>

TIMING-16#81 Warning
Large setup violation  
There is a large setup violation of -3.874 ns between vga_driver/h_cnt_reg[4]/C (clocked by clk_out1_clk_wiz_0_1) and vga_driver/h_cnt_reg[0]/R (clocked by clk_out1_clk_wiz_0). Large setup violations at the end of those stages might be difficult to fix during the post-placement implementation flow and could be the result of non-optimal XDC constraints or non-optimal design architecture
Related violations: <none>

TIMING-16#82 Warning
Large setup violation  
There is a large setup violation of -3.957 ns between vga_driver/v_cnt_reg[2]/C (clocked by clk_out1_clk_wiz_0_1) and vga_driver/v_cnt_reg[9]/D (clocked by clk_out1_clk_wiz_0). Large setup violations at the end of those stages might be difficult to fix during the post-placement implementation flow and could be the result of non-optimal XDC constraints or non-optimal design architecture
Related violations: <none>

TIMING-16#83 Warning
Large setup violation  
There is a large setup violation of -3.958 ns between vga_driver/h_cnt_reg[4]/C (clocked by clk_out1_clk_wiz_0_1) and vga_driver/h_cnt_reg[3]/R (clocked by clk_out1_clk_wiz_0). Large setup violations at the end of those stages might be difficult to fix during the post-placement implementation flow and could be the result of non-optimal XDC constraints or non-optimal design architecture
Related violations: <none>

TIMING-16#84 Warning
Large setup violation  
There is a large setup violation of -3.958 ns between vga_driver/h_cnt_reg[4]/C (clocked by clk_out1_clk_wiz_0_1) and vga_driver/h_cnt_reg[4]/R (clocked by clk_out1_clk_wiz_0). Large setup violations at the end of those stages might be difficult to fix during the post-placement implementation flow and could be the result of non-optimal XDC constraints or non-optimal design architecture
Related violations: <none>

TIMING-16#85 Warning
Large setup violation  
There is a large setup violation of -3.958 ns between vga_driver/h_cnt_reg[4]/C (clocked by clk_out1_clk_wiz_0_1) and vga_driver/h_cnt_reg[7]/R (clocked by clk_out1_clk_wiz_0). Large setup violations at the end of those stages might be difficult to fix during the post-placement implementation flow and could be the result of non-optimal XDC constraints or non-optimal design architecture
Related violations: <none>

TIMING-16#86 Warning
Large setup violation  
There is a large setup violation of -3.975 ns between vga_driver/h_cnt_reg[3]/C (clocked by clk_out1_clk_wiz_0_1) and vga_driver/v_cnt_reg[3]/R (clocked by clk_out1_clk_wiz_0). Large setup violations at the end of those stages might be difficult to fix during the post-placement implementation flow and could be the result of non-optimal XDC constraints or non-optimal design architecture
Related violations: <none>

TIMING-16#87 Warning
Large setup violation  
There is a large setup violation of -3.975 ns between vga_driver/h_cnt_reg[3]/C (clocked by clk_out1_clk_wiz_0_1) and vga_driver/v_cnt_reg[4]/R (clocked by clk_out1_clk_wiz_0). Large setup violations at the end of those stages might be difficult to fix during the post-placement implementation flow and could be the result of non-optimal XDC constraints or non-optimal design architecture
Related violations: <none>

TIMING-16#88 Warning
Large setup violation  
There is a large setup violation of -3.975 ns between vga_driver/h_cnt_reg[3]/C (clocked by clk_out1_clk_wiz_0_1) and vga_driver/v_cnt_reg[5]/R (clocked by clk_out1_clk_wiz_0). Large setup violations at the end of those stages might be difficult to fix during the post-placement implementation flow and could be the result of non-optimal XDC constraints or non-optimal design architecture
Related violations: <none>

TIMING-16#89 Warning
Large setup violation  
There is a large setup violation of -3.975 ns between vga_driver/h_cnt_reg[3]/C (clocked by clk_out1_clk_wiz_0_1) and vga_driver/v_cnt_reg[7]/R (clocked by clk_out1_clk_wiz_0). Large setup violations at the end of those stages might be difficult to fix during the post-placement implementation flow and could be the result of non-optimal XDC constraints or non-optimal design architecture
Related violations: <none>

TIMING-16#90 Warning
Large setup violation  
There is a large setup violation of -3.975 ns between vga_driver/h_cnt_reg[3]/C (clocked by clk_out1_clk_wiz_0_1) and vga_driver/v_cnt_reg[8]/R (clocked by clk_out1_clk_wiz_0). Large setup violations at the end of those stages might be difficult to fix during the post-placement implementation flow and could be the result of non-optimal XDC constraints or non-optimal design architecture
Related violations: <none>

TIMING-16#91 Warning
Large setup violation  
There is a large setup violation of -3.975 ns between vga_driver/h_cnt_reg[3]/C (clocked by clk_out1_clk_wiz_0_1) and vga_driver/v_cnt_reg[9]/R (clocked by clk_out1_clk_wiz_0). Large setup violations at the end of those stages might be difficult to fix during the post-placement implementation flow and could be the result of non-optimal XDC constraints or non-optimal design architecture
Related violations: <none>

TIMING-16#92 Warning
Large setup violation  
There is a large setup violation of -3.975 ns between vga_driver/h_cnt_reg[4]/C (clocked by clk_out1_clk_wiz_0_1) and vga_driver/h_cnt_reg[10]/R (clocked by clk_out1_clk_wiz_0). Large setup violations at the end of those stages might be difficult to fix during the post-placement implementation flow and could be the result of non-optimal XDC constraints or non-optimal design architecture
Related violations: <none>

TIMING-16#93 Warning
Large setup violation  
There is a large setup violation of -3.975 ns between vga_driver/h_cnt_reg[4]/C (clocked by clk_out1_clk_wiz_0_1) and vga_driver/h_cnt_reg[8]/R (clocked by clk_out1_clk_wiz_0). Large setup violations at the end of those stages might be difficult to fix during the post-placement implementation flow and could be the result of non-optimal XDC constraints or non-optimal design architecture
Related violations: <none>

TIMING-16#94 Warning
Large setup violation  
There is a large setup violation of -4.071 ns between vga_driver/h_cnt_reg[4]/C (clocked by clk_out1_clk_wiz_0_1) and vga_driver/h_cnt_reg[6]/R (clocked by clk_out1_clk_wiz_0). Large setup violations at the end of those stages might be difficult to fix during the post-placement implementation flow and could be the result of non-optimal XDC constraints or non-optimal design architecture
Related violations: <none>

TIMING-16#95 Warning
Large setup violation  
There is a large setup violation of -4.355 ns between vga_driver/v_cnt_reg[2]/C (clocked by clk_out1_clk_wiz_0_1) and vga_driver/vsync_reg_lopt_replica/D (clocked by clk_out1_clk_wiz_0). Large setup violations at the end of those stages might be difficult to fix during the post-placement implementation flow and could be the result of non-optimal XDC constraints or non-optimal design architecture
Related violations: <none>

TIMING-16#96 Warning
Large setup violation  
There is a large setup violation of -4.437 ns between vga_driver/h_cnt_reg[3]/C (clocked by clk_out1_clk_wiz_0_1) and vga_driver/hsync_reg/R (clocked by clk_out1_clk_wiz_0). Large setup violations at the end of those stages might be difficult to fix during the post-placement implementation flow and could be the result of non-optimal XDC constraints or non-optimal design architecture
Related violations: <none>


