#-----------------------------------------------------------
# Vivado v2020.1 (64-bit)
# SW Build 2902540 on Wed May 27 19:54:49 MDT 2020
# IP Build 2902112 on Wed May 27 22:43:36 MDT 2020
# Start of session at: Sat Oct 31 15:26:00 2020
# Process ID: 6500
# Current directory: C:/Users/eastc/Desktop/CPE487/Cmod-A7-15T/Lab1/leddec
# Command line: vivado.exe -gui_launcher_event rodinguilauncherevent16768 C:\Users\eastc\Desktop\CPE487\Cmod-A7-15T\Lab1\leddec\leddec.xpr
# Log file: C:/Users/eastc/Desktop/CPE487/Cmod-A7-15T/Lab1/leddec/vivado.log
# Journal file: C:/Users/eastc/Desktop/CPE487/Cmod-A7-15T/Lab1/leddec\vivado.jou
#-----------------------------------------------------------
start_gui
open_project C:/Users/eastc/Desktop/CPE487/Cmod-A7-15T/Lab1/leddec/leddec.xpr
Scanning sources...
Finished scanning sources
WARNING: [filemgmt 56-3] Default IP Output Path : Could not find the directory 'C:/Users/eastc/Desktop/CPE487/Cmod-A7-15T/Lab1/leddec/leddec.srcs/sources_1'.
INFO: [IP_Flow 19-234] Refreshing IP repositories
INFO: [IP_Flow 19-1704] No user IP repositories specified
INFO: [IP_Flow 19-2313] Loaded Vivado IP repository 'C:/Xilinx/Vivado/2020.1/data/ip'.
open_project: Time (s): cpu = 00:00:19 ; elapsed = 00:00:14 . Memory (MB): peak = 1096.852 ; gain = 0.000
update_compile_order -fileset sources_1
exit
INFO: [Common 17-206] Exiting Vivado at Sat Oct 31 15:27:05 2020...
