
*** Running vivado
    with args -log vga_top.vds -m64 -product Vivado -mode batch -messageDb vivado.pb -notrace -source vga_top.tcl



****** Vivado v2020.1 (64-bit)
  **** SW Build 2902540 on Wed May 27 19:54:49 MDT 2020
  **** IP Build 2902112 on Wed May 27 22:43:36 MDT 2020
    ** Copyright 1986-2020 Xilinx, Inc. All Rights Reserved.

source vga_top.tcl -notrace
Command: synth_design -top vga_top -part xc7a15tcpg236-1
Starting synth_design
Attempting to get a license for feature 'Synthesis' and/or device 'xc7a15t'
INFO: [Common 17-349] Got license for feature 'Synthesis' and/or device 'xc7a15t'
INFO: [Device 21-403] Loading part xc7a15tcpg236-1
INFO: [Synth 8-7079] Multithreading enabled for synth_design using a maximum of 2 processes.
INFO: [Synth 8-7078] Launching helper process for spawning children vivado processes
INFO: [Synth 8-7075] Helper process launched with PID 7316
---------------------------------------------------------------------------------
Starting RTL Elaboration : Time (s): cpu = 00:00:05 ; elapsed = 00:00:06 . Memory (MB): peak = 1096.609 ; gain = 0.000
---------------------------------------------------------------------------------
INFO: [Synth 8-638] synthesizing module 'vga_top' [C:/Users/eastc/Desktop/CPE487/Cmod-A7-15T/Lab3/No-Modifications/vga_top.vhd:18]
INFO: [Synth 8-3491] module 'ball' declared at 'C:/Users/eastc/Desktop/CPE487/Cmod-A7-15T/Lab3/No-Modifications/ball.vhd:6' bound to instance 'add_ball' of component 'ball' [C:/Users/eastc/Desktop/CPE487/Cmod-A7-15T/Lab3/No-Modifications/vga_top.vhd:67]
INFO: [Synth 8-638] synthesizing module 'ball' [C:/Users/eastc/Desktop/CPE487/Cmod-A7-15T/Lab3/No-Modifications/ball.vhd:17]
INFO: [Synth 8-256] done synthesizing module 'ball' (1#1) [C:/Users/eastc/Desktop/CPE487/Cmod-A7-15T/Lab3/No-Modifications/ball.vhd:17]
INFO: [Synth 8-3491] module 'vga_sync' declared at 'C:/Users/eastc/Desktop/CPE487/Cmod-A7-15T/Lab3/No-Modifications/vga_sync.vhd:5' bound to instance 'vga_driver' of component 'vga_sync' [C:/Users/eastc/Desktop/CPE487/Cmod-A7-15T/Lab3/No-Modifications/vga_top.vhd:78]
INFO: [Synth 8-638] synthesizing module 'vga_sync' [C:/Users/eastc/Desktop/CPE487/Cmod-A7-15T/Lab3/No-Modifications/vga_sync.vhd:21]
INFO: [Synth 8-256] done synthesizing module 'vga_sync' (2#1) [C:/Users/eastc/Desktop/CPE487/Cmod-A7-15T/Lab3/No-Modifications/vga_sync.vhd:21]
INFO: [Synth 8-3491] module 'clk_wiz_0' declared at 'C:/Users/eastc/Desktop/CPE487/Cmod-A7-15T/Lab3/No-Modifications/vga_ball/vga_ball.runs/synth_1/.Xil/Vivado-976-DESKTOP-TF4Q9RE/realtime/clk_wiz_0_stub.vhdl:5' bound to instance 'clk_wiz_0_inst' of component 'clk_wiz_0' [C:/Users/eastc/Desktop/CPE487/Cmod-A7-15T/Lab3/No-Modifications/vga_top.vhd:95]
INFO: [Synth 8-638] synthesizing module 'clk_wiz_0' [C:/Users/eastc/Desktop/CPE487/Cmod-A7-15T/Lab3/No-Modifications/vga_ball/vga_ball.runs/synth_1/.Xil/Vivado-976-DESKTOP-TF4Q9RE/realtime/clk_wiz_0_stub.vhdl:15]
INFO: [Synth 8-256] done synthesizing module 'vga_top' (3#1) [C:/Users/eastc/Desktop/CPE487/Cmod-A7-15T/Lab3/No-Modifications/vga_top.vhd:18]
---------------------------------------------------------------------------------
Finished RTL Elaboration : Time (s): cpu = 00:00:06 ; elapsed = 00:00:07 . Memory (MB): peak = 1125.508 ; gain = 28.898
---------------------------------------------------------------------------------
---------------------------------------------------------------------------------
Start Handling Custom Attributes
---------------------------------------------------------------------------------
---------------------------------------------------------------------------------
Finished Handling Custom Attributes : Time (s): cpu = 00:00:07 ; elapsed = 00:00:08 . Memory (MB): peak = 1125.508 ; gain = 28.898
---------------------------------------------------------------------------------
---------------------------------------------------------------------------------
Finished RTL Optimization Phase 1 : Time (s): cpu = 00:00:07 ; elapsed = 00:00:08 . Memory (MB): peak = 1125.508 ; gain = 28.898
---------------------------------------------------------------------------------
Netlist sorting complete. Time (s): cpu = 00:00:00 ; elapsed = 00:00:00.004 . Memory (MB): peak = 1125.508 ; gain = 0.000
INFO: [Project 1-570] Preparing netlist for logic optimization

Processing XDC Constraints
Initializing timing engine
Parsing XDC File [c:/Users/eastc/Desktop/CPE487/Cmod-A7-15T/Lab3/No-Modifications/vga_ball/vga_ball.srcs/sources_1/ip/clk_wiz_0/clk_wiz_0/clk_wiz_0_in_context.xdc] for cell 'clk_wiz_0_inst'
WARNING: [Vivado 12-584] No ports matched ''. [c:/Users/eastc/Desktop/CPE487/Cmod-A7-15T/Lab3/No-Modifications/vga_ball/vga_ball.srcs/sources_1/ip/clk_wiz_0/clk_wiz_0/clk_wiz_0_in_context.xdc:1]
WARNING: [Vivado 12-584] No ports matched ''. [c:/Users/eastc/Desktop/CPE487/Cmod-A7-15T/Lab3/No-Modifications/vga_ball/vga_ball.srcs/sources_1/ip/clk_wiz_0/clk_wiz_0/clk_wiz_0_in_context.xdc:4]
Finished Parsing XDC File [c:/Users/eastc/Desktop/CPE487/Cmod-A7-15T/Lab3/No-Modifications/vga_ball/vga_ball.srcs/sources_1/ip/clk_wiz_0/clk_wiz_0/clk_wiz_0_in_context.xdc] for cell 'clk_wiz_0_inst'
Parsing XDC File [C:/Users/eastc/Desktop/CPE487/Cmod-A7-15T/Lab3/No-Modifications/vga_top.xdc]
Finished Parsing XDC File [C:/Users/eastc/Desktop/CPE487/Cmod-A7-15T/Lab3/No-Modifications/vga_top.xdc]
INFO: [Project 1-236] Implementation specific constraints were found while reading constraint file [C:/Users/eastc/Desktop/CPE487/Cmod-A7-15T/Lab3/No-Modifications/vga_top.xdc]. These constraints will be ignored for synthesis but will be used in implementation. Impacted constraints are listed in the file [.Xil/vga_top_propImpl.xdc].
Resolution: To avoid this warning, move constraints listed in [.Xil/vga_top_propImpl.xdc] to another XDC file and exclude this new file from synthesis with the used_in_synthesis property (File Properties dialog in GUI) and re-run elaboration/synthesis.
Completed Processing XDC Constraints

Netlist sorting complete. Time (s): cpu = 00:00:00 ; elapsed = 00:00:00 . Memory (MB): peak = 1237.832 ; gain = 0.000
INFO: [Project 1-111] Unisim Transformation Summary:
No Unisim elements were transformed.

Constraint Validation Runtime : Time (s): cpu = 00:00:00 ; elapsed = 00:00:00.006 . Memory (MB): peak = 1237.832 ; gain = 0.000
---------------------------------------------------------------------------------
Finished Constraint Validation : Time (s): cpu = 00:00:14 ; elapsed = 00:00:15 . Memory (MB): peak = 1237.832 ; gain = 141.223
---------------------------------------------------------------------------------
---------------------------------------------------------------------------------
Start Loading Part and Timing Information
---------------------------------------------------------------------------------
Loading part: xc7a15tcpg236-1
---------------------------------------------------------------------------------
Finished Loading Part and Timing Information : Time (s): cpu = 00:00:14 ; elapsed = 00:00:15 . Memory (MB): peak = 1237.832 ; gain = 141.223
---------------------------------------------------------------------------------
---------------------------------------------------------------------------------
Start Applying 'set_property' XDC Constraints
---------------------------------------------------------------------------------
Applied set_property IO_BUFFER_TYPE = NONE for sysclk. (constraint file  c:/Users/eastc/Desktop/CPE487/Cmod-A7-15T/Lab3/No-Modifications/vga_ball/vga_ball.srcs/sources_1/ip/clk_wiz_0/clk_wiz_0/clk_wiz_0_in_context.xdc, line 5).
Applied set_property CLOCK_BUFFER_TYPE = NONE for sysclk. (constraint file  c:/Users/eastc/Desktop/CPE487/Cmod-A7-15T/Lab3/No-Modifications/vga_ball/vga_ball.srcs/sources_1/ip/clk_wiz_0/clk_wiz_0/clk_wiz_0_in_context.xdc, line 6).
Applied set_property DONT_TOUCH = true for clk_wiz_0_inst. (constraint file  auto generated constraint, line ).
---------------------------------------------------------------------------------
Finished applying 'set_property' XDC Constraints : Time (s): cpu = 00:00:14 ; elapsed = 00:00:15 . Memory (MB): peak = 1237.832 ; gain = 141.223
---------------------------------------------------------------------------------
---------------------------------------------------------------------------------
Finished RTL Optimization Phase 2 : Time (s): cpu = 00:00:14 ; elapsed = 00:00:16 . Memory (MB): peak = 1237.832 ; gain = 141.223
---------------------------------------------------------------------------------
---------------------------------------------------------------------------------
Start RTL Component Statistics 
---------------------------------------------------------------------------------
Detailed RTL Component Info : 
+---Adders : 
	   3 Input   12 Bit       Adders := 2     
	   2 Input   11 Bit       Adders := 6     
+---Registers : 
	               11 Bit    Registers := 8     
	                1 Bit    Registers := 5     
+---Muxes : 
	   2 Input   11 Bit        Muxes := 2     
	   2 Input    3 Bit        Muxes := 2     
---------------------------------------------------------------------------------
Finished RTL Component Statistics 
---------------------------------------------------------------------------------
---------------------------------------------------------------------------------
Start Part Resource Summary
---------------------------------------------------------------------------------
Part Resources:
DSPs: 45 (col length:60)
BRAMs: 50 (col length: RAMB18 60 RAMB36 30)
---------------------------------------------------------------------------------
Finished Part Resource Summary
---------------------------------------------------------------------------------
---------------------------------------------------------------------------------
Start Cross Boundary and Area Optimization
---------------------------------------------------------------------------------
DSP Report: Generating DSP add_ball/red2, operation Mode is: (D'-A)*B.
DSP Report: register vga_driver/pixel_col_reg is absorbed into DSP add_ball/red2.
DSP Report: operator add_ball/red2 is absorbed into DSP add_ball/red2.
DSP Report: operator add_ball/red3 is absorbed into DSP add_ball/red2.
DSP Report: Generating DSP add_ball/red1, operation Mode is: PCIN+(D'-A)*B.
DSP Report: register vga_driver/pixel_row_reg is absorbed into DSP add_ball/red1.
DSP Report: operator add_ball/red1 is absorbed into DSP add_ball/red1.
DSP Report: operator add_ball/red2 is absorbed into DSP add_ball/red1.
DSP Report: operator add_ball/red3 is absorbed into DSP add_ball/red1.
---------------------------------------------------------------------------------
Finished Cross Boundary and Area Optimization : Time (s): cpu = 00:00:17 ; elapsed = 00:00:19 . Memory (MB): peak = 1237.832 ; gain = 141.223
---------------------------------------------------------------------------------
---------------------------------------------------------------------------------
Start ROM, RAM, DSP and Shift Register Reporting
---------------------------------------------------------------------------------

DSP: Preliminary Mapping	Report (see note below)
+------------+---------------+--------+--------+--------+--------+--------+------+------+------+------+-------+------+------+
|Module Name | DSP Mapping   | A Size | B Size | C Size | D Size | P Size | AREG | BREG | CREG | DREG | ADREG | MREG | PREG | 
+------------+---------------+--------+--------+--------+--------+--------+------+------+------+------+-------+------+------+
|vga_top     | (D'-A)*B      | 11     | 12     | -      | 11     | 24     | 0    | 0    | -    | 1    | 0     | 0    | 0    | 
|vga_top     | PCIN+(D'-A)*B | 11     | 12     | -      | 11     | 24     | 0    | 0    | -    | 1    | 0     | 0    | 0    | 
+------------+---------------+--------+--------+--------+--------+--------+------+------+------+------+-------+------+------+

Note: The table above is a preliminary report that shows the DSPs inferred at the current stage of the synthesis flow. Some DSP may be reimplemented as non DSP primitives later in the synthesis flow. Multiple instantiated DSPs are reported only once.
---------------------------------------------------------------------------------
Finished ROM, RAM, DSP and Shift Register Reporting
---------------------------------------------------------------------------------
---------------------------------------------------------------------------------
Start Applying XDC Timing Constraints
---------------------------------------------------------------------------------
---------------------------------------------------------------------------------
Finished Applying XDC Timing Constraints : Time (s): cpu = 00:00:29 ; elapsed = 00:00:32 . Memory (MB): peak = 1269.680 ; gain = 173.070
---------------------------------------------------------------------------------
---------------------------------------------------------------------------------
Start Timing Optimization
---------------------------------------------------------------------------------
---------------------------------------------------------------------------------
Finished Timing Optimization : Time (s): cpu = 00:00:30 ; elapsed = 00:00:32 . Memory (MB): peak = 1290.672 ; gain = 194.062
---------------------------------------------------------------------------------
---------------------------------------------------------------------------------
Start Technology Mapping
---------------------------------------------------------------------------------
---------------------------------------------------------------------------------
Finished Technology Mapping : Time (s): cpu = 00:00:30 ; elapsed = 00:00:32 . Memory (MB): peak = 1300.145 ; gain = 203.535
---------------------------------------------------------------------------------
---------------------------------------------------------------------------------
Start IO Insertion
---------------------------------------------------------------------------------
---------------------------------------------------------------------------------
Start Flattening Before IO Insertion
---------------------------------------------------------------------------------
---------------------------------------------------------------------------------
Finished Flattening Before IO Insertion
---------------------------------------------------------------------------------
---------------------------------------------------------------------------------
Start Final Netlist Cleanup
---------------------------------------------------------------------------------
---------------------------------------------------------------------------------
Finished Final Netlist Cleanup
---------------------------------------------------------------------------------
---------------------------------------------------------------------------------
Finished IO Insertion : Time (s): cpu = 00:00:34 ; elapsed = 00:00:37 . Memory (MB): peak = 1300.145 ; gain = 203.535
---------------------------------------------------------------------------------
---------------------------------------------------------------------------------
Start Renaming Generated Instances
---------------------------------------------------------------------------------
---------------------------------------------------------------------------------
Finished Renaming Generated Instances : Time (s): cpu = 00:00:34 ; elapsed = 00:00:37 . Memory (MB): peak = 1300.145 ; gain = 203.535
---------------------------------------------------------------------------------
---------------------------------------------------------------------------------
Start Rebuilding User Hierarchy
---------------------------------------------------------------------------------
---------------------------------------------------------------------------------
Finished Rebuilding User Hierarchy : Time (s): cpu = 00:00:34 ; elapsed = 00:00:37 . Memory (MB): peak = 1300.145 ; gain = 203.535
---------------------------------------------------------------------------------
---------------------------------------------------------------------------------
Start Renaming Generated Ports
---------------------------------------------------------------------------------
---------------------------------------------------------------------------------
Finished Renaming Generated Ports : Time (s): cpu = 00:00:34 ; elapsed = 00:00:37 . Memory (MB): peak = 1300.145 ; gain = 203.535
---------------------------------------------------------------------------------
---------------------------------------------------------------------------------
Start Handling Custom Attributes
---------------------------------------------------------------------------------
---------------------------------------------------------------------------------
Finished Handling Custom Attributes : Time (s): cpu = 00:00:34 ; elapsed = 00:00:37 . Memory (MB): peak = 1300.145 ; gain = 203.535
---------------------------------------------------------------------------------
---------------------------------------------------------------------------------
Start Renaming Generated Nets
---------------------------------------------------------------------------------
---------------------------------------------------------------------------------
Finished Renaming Generated Nets : Time (s): cpu = 00:00:34 ; elapsed = 00:00:37 . Memory (MB): peak = 1300.145 ; gain = 203.535
---------------------------------------------------------------------------------
---------------------------------------------------------------------------------
Start Writing Synthesis Report
---------------------------------------------------------------------------------

Report BlackBoxes: 
+------+--------------+----------+
|      |BlackBox name |Instances |
+------+--------------+----------+
|1     |clk_wiz_0     |         1|
+------+--------------+----------+

Report Cell Usage: 
+------+---------------+------+
|      |Cell           |Count |
+------+---------------+------+
|1     |clk_wiz_0_bbox |     1|
|2     |CARRY4         |    17|
|3     |DSP48E1        |     2|
|4     |LUT1           |     9|
|5     |LUT2           |    71|
|6     |LUT3           |     5|
|7     |LUT4           |    12|
|8     |LUT5           |    12|
|9     |LUT6           |    14|
|10    |FDRE           |    68|
|11    |IBUF           |     1|
|12    |OBUF           |    11|
+------+---------------+------+
---------------------------------------------------------------------------------
Finished Writing Synthesis Report : Time (s): cpu = 00:00:34 ; elapsed = 00:00:37 . Memory (MB): peak = 1300.145 ; gain = 203.535
---------------------------------------------------------------------------------
Synthesis finished with 0 errors, 0 critical warnings and 0 warnings.
Synthesis Optimization Runtime : Time (s): cpu = 00:00:26 ; elapsed = 00:00:34 . Memory (MB): peak = 1300.145 ; gain = 91.211
Synthesis Optimization Complete : Time (s): cpu = 00:00:35 ; elapsed = 00:00:37 . Memory (MB): peak = 1300.145 ; gain = 203.535
INFO: [Project 1-571] Translating synthesized netlist
Netlist sorting complete. Time (s): cpu = 00:00:00 ; elapsed = 00:00:00.005 . Memory (MB): peak = 1309.000 ; gain = 0.000
INFO: [Netlist 29-17] Analyzing 19 Unisim elements for replacement
INFO: [Netlist 29-28] Unisim Transformation completed in 0 CPU seconds
INFO: [Project 1-570] Preparing netlist for logic optimization
INFO: [Opt 31-138] Pushed 0 inverter(s) to 0 load pin(s).
Netlist sorting complete. Time (s): cpu = 00:00:00 ; elapsed = 00:00:00 . Memory (MB): peak = 1309.000 ; gain = 0.000
INFO: [Project 1-111] Unisim Transformation Summary:
No Unisim elements were transformed.

INFO: [Common 17-83] Releasing license: Synthesis
25 Infos, 2 Warnings, 0 Critical Warnings and 0 Errors encountered.
synth_design completed successfully
synth_design: Time (s): cpu = 00:00:41 ; elapsed = 00:00:46 . Memory (MB): peak = 1309.000 ; gain = 212.391
INFO: [Common 17-1381] The checkpoint 'C:/Users/eastc/Desktop/CPE487/Cmod-A7-15T/Lab3/No-Modifications/vga_ball/vga_ball.runs/synth_1/vga_top.dcp' has been generated.
INFO: [runtcl-4] Executing : report_utilization -file vga_top_utilization_synth.rpt -pb vga_top_utilization_synth.pb
INFO: [Common 17-206] Exiting Vivado at Sat Nov 21 13:02:56 2020...
