#-----------------------------------------------------------
# Vivado v2020.1 (64-bit)
# SW Build 2902540 on Wed May 27 19:54:49 MDT 2020
# IP Build 2902112 on Wed May 27 22:43:36 MDT 2020
# Start of session at: Thu Nov  5 16:50:07 2020
# Process ID: 3748
# Current directory: C:/Users/eastc/Desktop/CPE487/Cmod-A7-15T/Full_Adder
# Command line: vivado.exe -gui_launcher_event rodinguilauncherevent16496 C:\Users\eastc\Desktop\CPE487\Cmod-A7-15T\Full_Adder\Full_Adder.xpr
# Log file: C:/Users/eastc/Desktop/CPE487/Cmod-A7-15T/Full_Adder/vivado.log
# Journal file: C:/Users/eastc/Desktop/CPE487/Cmod-A7-15T/Full_Adder\vivado.jou
#---------------------------------------------------------stastart_gopeopen_project C:/Users/eastc/Desktop/CPE487/Cmod-A7-15T/Full_Adder/Full_Adder.xScaScanning sources...
Finished scanning sources
INFO: [IP_Flow 19-234] Refreshing IP repositories
INFO: [IP_Flow 19-1704] No user IP repositories specified
INFO: [IP_Flow 19-2313] Loaded Vivado IP repository 'C:/Xilinx/Vivado/2020.1/data/ipopen_project: Time (s): cpu = 00:00:24 ; elapsed = 00:00:19 . Memory (MB): peak = 1111.793 ; gain = 0.000
update_compile_order -fileset sources_1
exit
INFO: [Common 17-206] Exiting Vivado at Thu Nov  5 16:51:33 2020...
 directory C:/Users/eastc/Desktop/CPE487/Cmod-A7-15T/Full_Adder/Full_Adder.runs/synth_1

launch_runs synth_1 -jobs 2
[Thu Nov  5 16:50:49 2020] Launched synth_1...
Run output will be captured here: C:/Users/eastc/Desktop/CPE487/Cmod-A7-15T/Full_Adder/Full_Adder.runs/synth_1/runme.log
update_compile_order -fileset sources_1
exit
INFO: [Common 17-206] Exiting Vivado at Thu Nov  5 16:51:29 2020...
