#-----------------------------------------------------------
# Vivado v2020.1 (64-bit)
# SW Build 2902540 on Wed May 27 19:54:49 MDT 2020
# IP Build 2902112 on Wed May 27 22:43:36 MDT 2020
# Start of session at: Mon Nov 23 19:28:22 2020
# Process ID: 15348
# Current directory: C:/Users/eastc/Desktop/CPE487/Cmod-A7-15T/Lab2/hexcount
# Command line: vivado.exe -gui_launcher_event rodinguilauncherevent21344 C:\Users\eastc\Desktop\CPE487\Cmod-A7-15T\Lab2\hexcount\hexcount.xpr
# Log file: C:/Users/eastc/Desktop/CPE487/Cmod-A7-15T/Lab2/hexcount/vivado.log
# Journal file: C:/Users/eastc/Desktop/CPE487/Cmod-A7-15T/Lab2/hexcount\vivado.jou
#-----------------------------------------------------------
start_gui
open_project C:/Users/eastc/Desktop/CPE487/Cmod-A7-15T/Lab2/hexcount/hexcount.xpr
Scanning sources...
Finished scanning sources
INFO: [IP_Flow 19-234] Refreshing IP repositories
INFO: [IP_Flow 19-1704] No user IP repositories specified
INFO: [IP_Flow 19-2313] Loaded Vivado IP repository 'C:/Xilinx/Vivado/2020.1/data/ip'.
open_project: Time (s): cpu = 00:00:16 ; elapsed = 00:00:12 . Memory (MB): peak = 1096.137 ; gain = 0.000
update_compile_order -fileset sources_1
exit
INFO: [Common 17-206] Exiting Vivado at Tue Nov 24 14:03:11 2020...
