#-----------------------------------------------------------
# Vivado v2020.1 (64-bit)
# SW Build 2902540 on Wed May 27 19:54:49 MDT 2020
# IP Build 2902112 on Wed May 27 22:43:36 MDT 2020
# Start of session at: Tue Dec  1 09:55:46 2020
# Process ID: 13264
# Current directory: C:/Users/eastc/Desktop/CPE487/Cmod-A7-15T/Lab3/No-Modifications/vga_ball
# Command line: vivado.exe -gui_launcher_event rodinguilauncherevent21952 C:\Users\eastc\Desktop\CPE487\Cmod-A7-15T\Lab3\No-Modifications\vga_ball\vga_ball.xpr
# Log file: C:/Users/eastc/Desktop/CPE487/Cmod-A7-15T/Lab3/No-Modifications/vga_ball/vivado.log
# Journal file: C:/Users/eastc/Desktop/CPE487/Cmod-A7-15T/Lab3/No-Modifications/vga_ball\vivado.jou
#-----------------------------------------------------------
start_gui
open_project C:/Users/eastc/Desktop/CPE487/Cmod-A7-15T/Lab3/No-Modifications/vga_ball/vga_ball.xpr
Scanning sources...
Finished scanning sources
INFO: [IP_Flow 19-234] Refreshing IP repositories
INFO: [IP_Flow 19-1704] No user IP repositories specified
INFO: [IP_Flow 19-2313] Loaded Vivado IP repository 'C:/Xilinx/Vivado/2020.1/data/ip'.
open_project: Time (s): cpu = 00:00:20 ; elapsed = 00:00:13 . Memory (MB): peak = 1112.004 ; gain = 0.000
update_compile_order -fileset sources_1
open_hw_manager
connect_hw_server -allow_non_jtag
INFO: [Labtools 27-2285] Connecting to hw_server url TCP:localhost:3121
INFO: [Labtools 27-3415] Connecting to cs_server url TCP:localhost:3042
INFO: [Labtools 27-3414] Connected to existing cs_server.
open_hw_target
INFO: [Labtoolstcl 44-466] Opening hw_target localhost:3121/xilinx_tcf/Digilent/210328AB7F9CA
open_hw_target: Time (s): cpu = 00:00:07 ; elapsed = 00:00:07 . Memory (MB): peak = 2464.480 ; gain = 1299.184
set_property PROGRAM.FILE {C:/Users/eastc/Desktop/CPE487/Cmod-A7-15T/Lab3/No-Modifications/vga_ball/vga_ball.runs/impl_1/vga_top.bit} [get_hw_devices xc7a15t_0]
current_hw_device [get_hw_devices xc7a15t_0]
refresh_hw_device -update_hw_probes false [lindex [get_hw_devices xc7a15t_0] 0]
INFO: [Labtools 27-1435] Device xc7a15t (JTAG device index = 0) is not programmed (DONE status = 0).
set_property PROBES.FILE {} [get_hw_devices xc7a15t_0]
set_property FULL_PROBES.FILE {} [get_hw_devices xc7a15t_0]
set_property PROGRAM.FILE {C:/Users/eastc/Desktop/CPE487/Cmod-A7-15T/Lab3/No-Modifications/vga_ball/vga_ball.runs/impl_1/vga_top.bit} [get_hw_devices xc7a15t_0]
program_hw_devices [get_hw_devices xc7a15t_0]
INFO: [Labtools 27-3164] End of startup status: HIGH
refresh_hw_device [lindex [get_hw_devices xc7a15t_0] 0]
INFO: [Labtools 27-1434] Device xc7a15t (JTAG device index = 0) is programmed with a design that has no supported debug core(s) in it.
ERROR: [Labtoolstcl 44-513] HW Target shutdown. Closing target: localhost:3121/xilinx_tcf/Digilent/210328AB7F9CA
INFO: [Labtoolstcl 44-466] Opening hw_target localhost:3121/xilinx_tcf/Digilent/210328AB7F9CA
INFO: [Labtools 27-1435] Device xc7a15t (JTAG device index = 0) is not programmed (DONE status = 0).
WARNING: [Labtoolstcl 44-129] No matching hw_ila_data was found.
ERROR: [Labtoolstcl 44-513] HW Target shutdown. Closing target: localhost:3121/xilinx_tcf/Digilent/210328AB7F9CA
exit
INFO: [Common 17-206] Exiting Vivado at Tue Dec  1 13:28:14 2020...
